<?xml version="1.0" encoding="UTF-8"?>
<testng-results ignored="0" total="1" passed="1" failed="0" skipped="0">
  <reporter-output>
  </reporter-output>
  <suite started-at="2018-02-18T06:14:54Z" name="Suite" finished-at="2018-02-18T06:15:00Z" duration-ms="5610">
    <groups>
    </groups>
    <test started-at="2018-02-18T06:14:54Z" name="Test" finished-at="2018-02-18T06:15:00Z" duration-ms="5610">
      <class name="tests.Google_Charger_Test">
        <test-method is-config="true" signature="setUp()[pri:0, instance:tests.Google_Charger_Test@dc9876b]" started-at="2018-02-18T01:14:54Z" name="setUp" finished-at="2018-02-18T01:14:58Z" duration-ms="3959" status="PASS">
          <reporter-output>
          </reporter-output>
        </test-method> <!-- setUp -->
        <test-method signature="searchTest()[pri:0, instance:tests.Google_Charger_Test@dc9876b]" started-at="2018-02-18T01:14:58Z" name="searchTest" finished-at="2018-02-18T01:14:59Z" duration-ms="1030" status="PASS">
          <reporter-output>
          </reporter-output>
        </test-method> <!-- searchTest -->
        <test-method is-config="true" signature="tearDown()[pri:0, instance:tests.Google_Charger_Test@dc9876b]" started-at="2018-02-18T01:14:59Z" name="tearDown" finished-at="2018-02-18T01:15:00Z" duration-ms="581" status="PASS">
          <reporter-output>
          </reporter-output>
        </test-method> <!-- tearDown -->
      </class> <!-- tests.Google_Charger_Test -->
    </test> <!-- Test -->
  </suite> <!-- Suite -->
</testng-results>
